2018-06-27 21:09:09 INFO  SignIn:32 - Entering Valid First Name
2018-06-27 21:14:06 INFO  SignIn:32 - Entering Valid First Name
2018-06-27 21:20:10 INFO  SignIn:32 - Entering Valid First Name
2018-06-27 22:18:09 INFO  SignIn:32 - Entering Valid First Name
2018-06-27 22:18:14 INFO  SignIn:46 - Entering Valid Last Name
2018-06-27 22:18:14 INFO  SignIn:60 - Selecting Department
2018-06-27 22:18:15 INFO  SignIn:68 - Entering Valid User Name
2018-06-27 22:18:16 INFO  SignIn:82 - Entering Valid Password
2018-06-27 22:18:16 INFO  SignIn:96 - Entering Valid Confirm Password
2018-06-27 22:18:17 INFO  SignIn:110 - Entering Valid Email
2018-06-27 22:18:19 INFO  SignIn:124 - Entering Valid Contact No
2018-06-27 22:18:19 INFO  SignIn:138 - Clicking on Submit Button
2018-06-27 22:52:59 INFO  SignIn:33 - Entering Valid First Name
2018-06-27 22:53:02 INFO  SignIn:47 - Entering Valid Last Name
2018-06-27 22:53:05 INFO  SignIn:61 - Selecting Department
2018-06-27 22:53:12 INFO  SignIn:69 - Entering Valid User Name
2018-06-27 22:53:13 INFO  SignIn:83 - Entering Valid Password
2018-06-27 22:53:13 INFO  SignIn:97 - Entering Valid Confirm Password
2018-06-27 22:53:23 INFO  SignIn:111 - Entering Valid Email
2018-06-27 22:53:24 INFO  SignIn:125 - Entering Valid Contact No
2018-06-27 22:53:25 INFO  SignIn:139 - Clicking on Submit Button
2018-06-27 22:53:28 INFO  SignIn:144 - Verifying Success Message
2018-06-27 22:59:20 INFO  SignIn:33 - Entering Valid First Name
2018-06-27 22:59:22 INFO  SignIn:47 - Entering Valid Last Name
2018-06-27 22:59:23 INFO  SignIn:61 - Selecting Department
2018-06-27 22:59:23 INFO  SignIn:69 - Entering Valid User Name
2018-06-27 22:59:24 INFO  SignIn:83 - Entering Valid Password
2018-06-27 22:59:24 INFO  SignIn:97 - Entering Valid Confirm Password
2018-06-27 22:59:25 INFO  SignIn:111 - Entering Valid Email
2018-06-27 22:59:27 INFO  SignIn:125 - Entering Valid Contact No
2018-06-27 22:59:28 INFO  SignIn:139 - Clicking on Submit Button
2018-06-27 22:59:29 INFO  SignIn:144 - Verifying Success Message
2018-06-27 23:05:18 INFO  SignIn:33 - Entering Valid First Name
2018-06-27 23:05:27 INFO  SignIn:47 - Entering Valid Last Name
2018-06-27 23:05:28 INFO  SignIn:61 - Selecting Department
2018-06-27 23:05:28 INFO  SignIn:69 - Entering Valid User Name
2018-06-27 23:05:29 INFO  SignIn:83 - Entering Valid Password
2018-06-27 23:05:29 INFO  SignIn:97 - Entering Valid Confirm Password
2018-06-27 23:05:30 INFO  SignIn:111 - Entering Valid Email
2018-06-27 23:05:32 INFO  SignIn:125 - Entering Valid Contact No
2018-06-27 23:05:32 INFO  SignIn:139 - Clicking on Submit Button
2018-06-27 23:05:34 INFO  SignIn:144 - Verifying Success Message
2018-06-27 23:07:24 INFO  SignIn:33 - Entering Valid First Name
2018-06-27 23:07:25 INFO  SignIn:47 - Entering Valid Last Name
2018-06-27 23:07:25 INFO  SignIn:61 - Selecting Department
2018-06-27 23:07:26 INFO  SignIn:69 - Entering Valid User Name
2018-06-27 23:07:26 INFO  SignIn:83 - Entering Valid Password
2018-06-27 23:07:27 INFO  SignIn:97 - Entering Valid Confirm Password
2018-06-27 23:07:30 INFO  SignIn:111 - Entering Valid Email
2018-06-27 23:07:32 INFO  SignIn:125 - Entering Valid Contact No
2018-06-27 23:07:32 INFO  SignIn:139 - Clicking on Submit Button
2018-06-27 23:07:36 INFO  SignIn:144 - Verifying Success Message
2018-06-28 13:15:13 INFO  SignIn:48 - Entering Valid Last Name
2018-06-28 13:15:15 INFO  SignIn:62 - Selecting Department
2018-06-28 13:15:15 INFO  SignIn:70 - Entering Valid User Name
2018-06-28 13:15:16 INFO  SignIn:84 - Entering Valid Password
2018-06-28 13:15:16 INFO  SignIn:98 - Entering Valid Confirm Password
2018-06-28 13:15:16 INFO  SignIn:112 - Entering Valid Email
2018-06-28 13:15:18 INFO  SignIn:126 - Entering Valid Contact No
2018-06-28 13:15:18 INFO  SignIn:161 - Verifying Error Message
2018-06-28 13:25:19 INFO  SignIn:41 - Entering InValid First Name
2018-06-28 13:25:19 INFO  SignIn:48 - Entering Valid Last Name
2018-06-28 13:25:19 INFO  SignIn:62 - Selecting Department
2018-06-28 13:25:20 INFO  SignIn:70 - Entering Valid User Name
2018-06-28 13:25:20 INFO  SignIn:84 - Entering Valid Password
2018-06-28 13:25:21 INFO  SignIn:98 - Entering Valid Confirm Password
2018-06-28 13:25:21 INFO  SignIn:112 - Entering Valid Email
2018-06-28 13:25:22 INFO  SignIn:126 - Entering Valid Contact No
2018-06-28 13:25:22 INFO  SignIn:141 - Clicking on Submit Button
2018-06-28 13:25:23 INFO  SignIn:147 - Verifying Success Message
2018-06-28 13:28:01 INFO  SignIn:41 - Entering InValid First Name
2018-06-28 13:28:01 INFO  SignIn:48 - Entering Valid Last Name
2018-06-28 13:28:02 INFO  SignIn:62 - Selecting Department
2018-06-28 13:28:02 INFO  SignIn:70 - Entering Valid User Name
2018-06-28 13:28:03 INFO  SignIn:84 - Entering Valid Password
2018-06-28 13:28:04 INFO  SignIn:98 - Entering Valid Confirm Password
2018-06-28 13:28:04 INFO  SignIn:112 - Entering Valid Email
2018-06-28 13:28:05 INFO  SignIn:126 - Entering Valid Contact No
2018-06-28 13:28:06 INFO  SignIn:141 - Clicking on Submit Button
2018-06-28 13:28:06 INFO  SignIn:147 - Verifying Success Message
2018-06-28 13:36:43 INFO  SignIn:35 - Entering Valid First Name
2018-06-28 13:36:44 INFO  SignIn:63 - Selecting Department
2018-06-28 13:36:44 INFO  SignIn:71 - Entering Valid User Name
2018-06-28 13:36:45 INFO  SignIn:85 - Entering Valid Password
2018-06-28 13:36:45 INFO  SignIn:99 - Entering Valid Confirm Password
2018-06-28 13:36:46 INFO  SignIn:113 - Entering Valid Email
2018-06-28 13:36:47 INFO  SignIn:127 - Entering Valid Contact No
2018-06-28 13:36:47 INFO  SignIn:142 - Clicking on Submit Button
2018-06-28 13:36:47 INFO  SignIn:173 - Verifying Error Message
2018-06-28 13:39:43 INFO  SignIn:42 - Entering InValid First Name
2018-06-28 13:39:44 INFO  SignIn:56 - Entering InValid Last Name
2018-06-28 13:39:44 INFO  SignIn:63 - Selecting Department
2018-06-28 13:39:44 INFO  SignIn:71 - Entering Valid User Name
2018-06-28 13:39:45 INFO  SignIn:85 - Entering Valid Password
2018-06-28 13:39:45 INFO  SignIn:99 - Entering Valid Confirm Password
2018-06-28 13:39:46 INFO  SignIn:113 - Entering Valid Email
2018-06-28 13:39:47 INFO  SignIn:127 - Entering Valid Contact No
2018-06-28 13:39:48 INFO  SignIn:142 - Clicking on Submit Button
2018-06-28 13:39:48 INFO  SignIn:148 - Verifying Success Message
2018-06-28 13:40:32 INFO  SignIn:113 - Entering Valid Email
2018-06-28 13:40:33 INFO  SignIn:56 - Entering InValid Last Name
2018-06-28 13:40:34 INFO  SignIn:63 - Selecting Department
2018-06-28 13:40:34 INFO  SignIn:71 - Entering Valid User Name
2018-06-28 13:40:35 INFO  SignIn:85 - Entering Valid Password
2018-06-28 13:40:35 INFO  SignIn:99 - Entering Valid Confirm Password
2018-06-28 13:40:35 INFO  SignIn:113 - Entering Valid Email
2018-06-28 13:40:36 INFO  SignIn:127 - Entering Valid Contact No
2018-06-28 13:40:37 INFO  SignIn:142 - Clicking on Submit Button
2018-06-28 13:40:37 INFO  SignIn:148 - Verifying Success Message
2018-06-28 13:41:27 INFO  SignIn:35 - Entering Valid First Name
2018-06-28 13:41:27 INFO  SignIn:56 - Entering InValid Last Name
2018-06-28 13:41:27 INFO  SignIn:63 - Selecting Department
2018-06-28 13:41:28 INFO  SignIn:71 - Entering Valid User Name
2018-06-28 13:41:28 INFO  SignIn:85 - Entering Valid Password
2018-06-28 13:41:29 INFO  SignIn:99 - Entering Valid Confirm Password
2018-06-28 13:41:29 INFO  SignIn:113 - Entering Valid Email
2018-06-28 13:41:30 INFO  SignIn:127 - Entering Valid Contact No
2018-06-28 13:41:30 INFO  SignIn:142 - Clicking on Submit Button
2018-06-28 13:41:31 INFO  SignIn:148 - Verifying Success Message
2018-06-28 13:48:42 INFO  SignIn:36 - Entering Valid First Name
2018-06-28 13:48:43 INFO  SignIn:50 - Entering Valid Last Name
2018-06-28 13:48:43 INFO  SignIn:64 - Selecting Department
2018-06-28 13:48:43 INFO  SignIn:86 - Entering Valid Password
2018-06-28 13:48:44 INFO  SignIn:100 - Entering Valid Confirm Password
2018-06-28 13:48:44 INFO  SignIn:114 - Entering Valid Email
2018-06-28 13:48:46 INFO  SignIn:128 - Entering Valid Contact No
2018-06-28 13:48:46 INFO  SignIn:143 - Clicking on Submit Button
2018-06-28 13:48:46 INFO  SignIn:185 - Verifying Error Message
2018-06-28 13:51:42 INFO  SignIn:36 - Entering Valid First Name
2018-06-28 13:51:43 INFO  SignIn:50 - Entering Valid Last Name
2018-06-28 13:51:44 INFO  SignIn:64 - Selecting Department
2018-06-28 13:51:44 INFO  SignIn:79 - Entering Valid User Name
2018-06-28 13:51:44 INFO  SignIn:86 - Entering Valid Password
2018-06-28 13:51:45 INFO  SignIn:100 - Entering Valid Confirm Password
2018-06-28 13:51:45 INFO  SignIn:114 - Entering Valid Email
2018-06-28 13:51:46 INFO  SignIn:128 - Entering Valid Contact No
2018-06-28 13:51:47 INFO  SignIn:143 - Clicking on Submit Button
2018-06-28 13:51:47 INFO  SignIn:149 - Verifying Success Message
2018-06-28 13:57:37 INFO  SignIn:37 - Entering Valid First Name
2018-06-28 13:57:37 INFO  SignIn:51 - Entering Valid Last Name
2018-06-28 13:57:38 INFO  SignIn:65 - Selecting Department
2018-06-28 13:57:38 INFO  SignIn:73 - Entering Valid User Name
2018-06-28 13:57:38 INFO  SignIn:101 - Entering Valid Confirm Password
2018-06-28 13:57:39 INFO  SignIn:115 - Entering Valid Email
2018-06-28 13:57:40 INFO  SignIn:129 - Entering Valid Contact No
2018-06-28 13:57:40 INFO  SignIn:144 - Clicking on Submit Button
2018-06-28 13:57:40 INFO  SignIn:197 - Verifying Error Message
2018-06-28 14:01:45 INFO  SignIn:37 - Entering Valid First Name
2018-06-28 14:01:46 INFO  SignIn:51 - Entering Valid Last Name
2018-06-28 14:01:46 INFO  SignIn:65 - Selecting Department
2018-06-28 14:01:46 INFO  SignIn:73 - Entering Valid User Name
2018-06-28 14:01:47 INFO  SignIn:94 - Entering InValid Password
2018-06-28 14:01:47 INFO  SignIn:101 - Entering Valid Confirm Password
2018-06-28 14:01:48 INFO  SignIn:115 - Entering Valid Email
2018-06-28 14:01:49 INFO  SignIn:129 - Entering Valid Contact No
2018-06-28 14:01:49 INFO  SignIn:144 - Clicking on Submit Button
2018-06-28 14:01:50 INFO  SignIn:150 - Verifying Success Message
2018-06-28 14:07:48 INFO  SignIn:38 - Entering Valid First Name
2018-06-28 14:07:48 INFO  SignIn:52 - Entering Valid Last Name
2018-06-28 14:07:49 INFO  SignIn:66 - Selecting Department
2018-06-28 14:07:49 INFO  SignIn:74 - Entering Valid User Name
2018-06-28 14:07:50 INFO  SignIn:88 - Entering Valid Password
2018-06-28 14:07:50 INFO  SignIn:116 - Entering Valid Email
2018-06-28 14:07:51 INFO  SignIn:130 - Entering Valid Contact No
2018-06-28 14:07:52 INFO  SignIn:145 - Clicking on Submit Button
2018-06-28 14:07:52 INFO  SignIn:209 - Verifying Error Message
2018-06-28 14:14:46 INFO  SignIn:38 - Entering Valid First Name
2018-06-28 14:14:46 INFO  SignIn:52 - Entering Valid Last Name
2018-06-28 14:14:47 INFO  SignIn:66 - Selecting Department
2018-06-28 14:14:47 INFO  SignIn:74 - Entering Valid User Name
2018-06-28 14:14:48 INFO  SignIn:88 - Entering Valid Password
2018-06-28 14:14:48 INFO  SignIn:109 - Entering InValid Confirm Password
2018-06-28 14:14:48 INFO  SignIn:116 - Entering Valid Email
2018-06-28 14:14:50 INFO  SignIn:130 - Entering Valid Contact No
2018-06-28 14:14:50 INFO  SignIn:145 - Clicking on Submit Button
2018-06-28 14:14:50 INFO  SignIn:151 - Verifying Success Message
2018-06-28 14:20:15 INFO  SignIn:39 - Entering Valid First Name
2018-06-28 14:20:16 INFO  SignIn:53 - Entering Valid Last Name
2018-06-28 14:20:16 INFO  SignIn:67 - Selecting Department
2018-06-28 14:20:17 INFO  SignIn:75 - Entering Valid User Name
2018-06-28 14:20:17 INFO  SignIn:89 - Entering Valid Password
2018-06-28 14:20:18 INFO  SignIn:103 - Entering Valid Confirm Password
2018-06-28 14:20:18 INFO  SignIn:131 - Entering Valid Contact No
2018-06-28 14:20:19 INFO  SignIn:146 - Clicking on Submit Button
2018-06-28 14:20:19 INFO  SignIn:221 - Verifying Error Message
2018-06-28 14:24:43 INFO  SignIn:39 - Entering Valid First Name
2018-06-28 14:24:44 INFO  SignIn:53 - Entering Valid Last Name
2018-06-28 14:24:44 INFO  SignIn:67 - Selecting Department
2018-06-28 14:24:45 INFO  SignIn:75 - Entering Valid User Name
2018-06-28 14:24:45 INFO  SignIn:89 - Entering Valid Password
2018-06-28 14:24:45 INFO  SignIn:103 - Entering Valid Confirm Password
2018-06-28 14:24:46 INFO  SignIn:124 - Entering InValid Email
2018-06-28 14:24:47 INFO  SignIn:131 - Entering Valid Contact No
2018-06-28 14:24:47 INFO  SignIn:146 - Clicking on Submit Button
2018-06-28 14:24:48 INFO  SignIn:152 - Verifying Success Message
2018-06-28 14:26:01 INFO  SignIn:39 - Entering Valid First Name
2018-06-28 14:26:01 INFO  SignIn:53 - Entering Valid Last Name
2018-06-28 14:26:02 INFO  SignIn:67 - Selecting Department
2018-06-28 14:26:02 INFO  SignIn:75 - Entering Valid User Name
2018-06-28 14:26:03 INFO  SignIn:89 - Entering Valid Password
2018-06-28 14:26:04 INFO  SignIn:103 - Entering Valid Confirm Password
2018-06-28 14:26:04 INFO  SignIn:124 - Entering InValid Email
2018-06-28 14:26:05 INFO  SignIn:131 - Entering Valid Contact No
2018-06-28 14:26:05 INFO  SignIn:146 - Clicking on Submit Button
2018-06-28 14:26:05 INFO  SignIn:152 - Verifying Success Message
2018-06-28 14:29:03 INFO  SignIn:39 - Entering Valid First Name
2018-06-28 14:29:03 INFO  SignIn:53 - Entering Valid Last Name
2018-06-28 14:29:04 INFO  SignIn:75 - Entering Valid User Name
2018-06-28 14:29:04 INFO  SignIn:89 - Entering Valid Password
2018-06-28 14:29:05 INFO  SignIn:103 - Entering Valid Confirm Password
2018-06-28 14:29:05 INFO  SignIn:117 - Entering Valid Email
2018-06-28 14:29:06 INFO  SignIn:146 - Clicking on Submit Button
2018-06-28 14:29:07 INFO  SignIn:152 - Verifying Success Message
2018-06-28 14:34:39 INFO  SignIn:39 - Entering Valid First Name
2018-06-28 14:34:40 INFO  SignIn:53 - Entering Valid Last Name
2018-06-28 14:34:40 INFO  SignIn:67 - Selecting Department
2018-06-28 14:34:41 INFO  SignIn:75 - Entering Valid User Name
2018-06-28 14:34:41 INFO  SignIn:89 - Entering Valid Password
2018-06-28 14:34:42 INFO  SignIn:103 - Entering Valid Confirm Password
2018-06-28 14:34:42 INFO  SignIn:117 - Entering Valid Email
2018-06-28 14:34:43 INFO  SignIn:138 - Entering InValid Contact No
2018-06-28 14:34:43 INFO  SignIn:146 - Clicking on Submit Button
2018-06-28 14:35:51 INFO  SignIn:39 - Entering Valid First Name
2018-06-28 14:35:51 INFO  SignIn:53 - Entering Valid Last Name
2018-06-28 14:35:52 INFO  SignIn:67 - Selecting Department
2018-06-28 14:35:52 INFO  SignIn:75 - Entering Valid User Name
2018-06-28 14:35:52 INFO  SignIn:89 - Entering Valid Password
2018-06-28 14:35:53 INFO  SignIn:103 - Entering Valid Confirm Password
2018-06-28 14:35:53 INFO  SignIn:117 - Entering Valid Email
2018-06-28 14:35:54 INFO  SignIn:138 - Entering InValid Contact No
2018-06-28 14:35:55 INFO  SignIn:146 - Clicking on Submit Button
2018-06-28 14:36:20 INFO  SignIn:39 - Entering Valid First Name
2018-06-28 14:36:21 INFO  SignIn:53 - Entering Valid Last Name
2018-06-28 14:36:21 INFO  SignIn:75 - Entering Valid User Name
2018-06-28 14:36:22 INFO  SignIn:89 - Entering Valid Password
2018-06-28 14:36:22 INFO  SignIn:103 - Entering Valid Confirm Password
2018-06-28 14:36:22 INFO  SignIn:117 - Entering Valid Email
2018-06-28 14:36:24 INFO  SignIn:146 - Clicking on Submit Button
2018-06-28 14:36:25 INFO  SignIn:152 - Verifying Success Message
2018-06-28 14:36:49 INFO  SignIn:39 - Entering Valid First Name
2018-06-28 14:36:50 INFO  SignIn:53 - Entering Valid Last Name
2018-06-28 14:36:50 INFO  SignIn:67 - Selecting Department
2018-06-28 14:36:51 INFO  SignIn:75 - Entering Valid User Name
2018-06-28 14:36:51 INFO  SignIn:89 - Entering Valid Password
2018-06-28 14:36:52 INFO  SignIn:103 - Entering Valid Confirm Password
2018-06-28 14:36:52 INFO  SignIn:124 - Entering InValid Email
2018-06-28 14:36:53 INFO  SignIn:131 - Entering Valid Contact No
2018-06-28 14:36:53 INFO  SignIn:146 - Clicking on Submit Button
2018-06-28 14:36:53 INFO  SignIn:152 - Verifying Success Message
2018-06-28 14:40:39 INFO  SignIn:39 - Entering Valid First Name
2018-06-28 14:40:41 INFO  SignIn:53 - Entering Valid Last Name
2018-06-28 14:40:44 INFO  SignIn:67 - Selecting Department
2018-06-28 14:40:46 INFO  SignIn:75 - Entering Valid User Name
2018-06-28 14:40:48 INFO  SignIn:89 - Entering Valid Password
2018-06-28 14:40:51 INFO  SignIn:103 - Entering Valid Confirm Password
2018-06-28 14:40:54 INFO  SignIn:124 - Entering InValid Email
2018-06-28 14:40:56 INFO  SignIn:131 - Entering Valid Contact No
2018-06-28 14:40:58 INFO  SignIn:146 - Clicking on Submit Button
2018-06-28 14:41:01 INFO  SignIn:152 - Verifying Success Message
2018-06-28 14:52:16 INFO  SignIn:39 - Entering Valid First Name
2018-06-28 14:52:17 INFO  SignIn:53 - Entering Valid Last Name
2018-06-28 14:52:19 INFO  SignIn:67 - Selecting Department
2018-06-28 14:52:20 INFO  SignIn:75 - Entering Valid User Name
2018-06-28 14:52:22 INFO  SignIn:89 - Entering Valid Password
2018-06-28 14:52:23 INFO  SignIn:103 - Entering Valid Confirm Password
2018-06-28 14:52:25 INFO  SignIn:117 - Entering Valid Email
2018-06-28 14:52:27 INFO  SignIn:131 - Entering Valid Contact No
2018-06-28 14:52:29 INFO  SignIn:146 - Clicking on Submit Button
2018-06-28 14:52:31 INFO  SignIn:152 - Verifying Success Message
2018-06-28 14:52:41 INFO  SignIn:53 - Entering Valid Last Name
2018-06-28 14:52:43 INFO  SignIn:67 - Selecting Department
2018-06-28 14:52:44 INFO  SignIn:75 - Entering Valid User Name
2018-06-28 14:52:45 INFO  SignIn:89 - Entering Valid Password
2018-06-28 14:52:47 INFO  SignIn:103 - Entering Valid Confirm Password
2018-06-28 14:52:48 INFO  SignIn:117 - Entering Valid Email
2018-06-28 14:52:51 INFO  SignIn:131 - Entering Valid Contact No
2018-06-28 14:52:52 INFO  SignIn:146 - Clicking on Submit Button
2018-06-28 14:52:53 INFO  SignIn:166 - Verifying Error Message
2018-06-28 15:01:52 INFO  SignIn:39 - Entering Valid First Name
2018-06-28 15:01:55 INFO  SignIn:53 - Entering Valid Last Name
2018-06-28 15:01:57 INFO  SignIn:67 - Selecting Department
2018-06-28 15:01:59 INFO  SignIn:75 - Entering Valid User Name
2018-06-28 15:02:02 INFO  SignIn:89 - Entering Valid Password
2018-06-28 15:02:05 INFO  SignIn:103 - Entering Valid Confirm Password
2018-06-28 15:02:07 INFO  SignIn:117 - Entering Valid Email
2018-06-28 15:02:10 INFO  SignIn:138 - Entering InValid Contact No
2018-06-28 15:02:13 INFO  SignIn:152 - Verifying Success Message
2018-06-28 15:03:54 INFO  SignIn:39 - Entering Valid First Name
2018-06-28 15:03:55 INFO  SignIn:53 - Entering Valid Last Name
2018-06-28 15:03:57 INFO  SignIn:67 - Selecting Department
2018-06-28 15:03:58 INFO  SignIn:75 - Entering Valid User Name
2018-06-28 15:04:00 INFO  SignIn:89 - Entering Valid Password
2018-06-28 15:04:01 INFO  SignIn:103 - Entering Valid Confirm Password
2018-06-28 15:04:03 INFO  SignIn:117 - Entering Valid Email
2018-06-28 15:04:05 INFO  SignIn:131 - Entering Valid Contact No
2018-06-28 15:04:07 INFO  SignIn:146 - Clicking on Submit Button
2018-06-28 15:04:08 INFO  SignIn:152 - Verifying Success Message
2018-06-28 15:04:18 INFO  SignIn:53 - Entering Valid Last Name
2018-06-28 15:04:20 INFO  SignIn:67 - Selecting Department
2018-06-28 15:04:21 INFO  SignIn:75 - Entering Valid User Name
2018-06-28 15:04:23 INFO  SignIn:89 - Entering Valid Password
2018-06-28 15:04:24 INFO  SignIn:103 - Entering Valid Confirm Password
2018-06-28 15:04:26 INFO  SignIn:117 - Entering Valid Email
2018-06-28 15:04:28 INFO  SignIn:131 - Entering Valid Contact No
2018-06-28 15:04:30 INFO  SignIn:146 - Clicking on Submit Button
2018-06-28 15:04:31 INFO  SignIn:166 - Verifying Error Message
2018-06-28 15:04:43 INFO  SignIn:46 - Entering InValid First Name
2018-06-28 15:04:45 INFO  SignIn:53 - Entering Valid Last Name
2018-06-28 15:04:46 INFO  SignIn:67 - Selecting Department
2018-06-28 15:04:47 INFO  SignIn:75 - Entering Valid User Name
2018-06-28 15:04:49 INFO  SignIn:89 - Entering Valid Password
2018-06-28 15:04:51 INFO  SignIn:103 - Entering Valid Confirm Password
2018-06-28 15:04:52 INFO  SignIn:117 - Entering Valid Email
2018-06-28 15:04:54 INFO  SignIn:131 - Entering Valid Contact No
2018-06-28 15:04:56 INFO  SignIn:146 - Clicking on Submit Button
2018-06-28 15:04:57 INFO  SignIn:152 - Verifying Success Message
2018-06-28 15:05:07 INFO  SignIn:39 - Entering Valid First Name
2018-06-28 15:05:08 INFO  SignIn:67 - Selecting Department
2018-06-28 15:05:10 INFO  SignIn:75 - Entering Valid User Name
2018-06-28 15:05:11 INFO  SignIn:89 - Entering Valid Password
2018-06-28 15:05:13 INFO  SignIn:103 - Entering Valid Confirm Password
2018-06-28 15:05:14 INFO  SignIn:117 - Entering Valid Email
2018-06-28 15:05:17 INFO  SignIn:131 - Entering Valid Contact No
2018-06-28 15:05:18 INFO  SignIn:146 - Clicking on Submit Button
2018-06-28 15:05:19 INFO  SignIn:177 - Verifying Error Message
2018-06-28 15:05:30 INFO  SignIn:39 - Entering Valid First Name
2018-06-28 15:05:32 INFO  SignIn:60 - Entering InValid Last Name
2018-06-28 15:05:33 INFO  SignIn:67 - Selecting Department
2018-06-28 15:05:34 INFO  SignIn:75 - Entering Valid User Name
2018-06-28 15:05:36 INFO  SignIn:89 - Entering Valid Password
2018-06-28 15:05:38 INFO  SignIn:103 - Entering Valid Confirm Password
2018-06-28 15:05:39 INFO  SignIn:117 - Entering Valid Email
2018-06-28 15:05:41 INFO  SignIn:131 - Entering Valid Contact No
2018-06-28 15:05:43 INFO  SignIn:146 - Clicking on Submit Button
2018-06-28 15:05:44 INFO  SignIn:152 - Verifying Success Message
2018-06-28 15:05:55 INFO  SignIn:39 - Entering Valid First Name
2018-06-28 15:05:56 INFO  SignIn:53 - Entering Valid Last Name
2018-06-28 15:05:58 INFO  SignIn:67 - Selecting Department
2018-06-28 15:05:59 INFO  SignIn:89 - Entering Valid Password
2018-06-28 15:06:01 INFO  SignIn:103 - Entering Valid Confirm Password
2018-06-28 15:06:02 INFO  SignIn:117 - Entering Valid Email
2018-06-28 15:06:04 INFO  SignIn:131 - Entering Valid Contact No
2018-06-28 15:06:06 INFO  SignIn:146 - Clicking on Submit Button
2018-06-28 15:06:07 INFO  SignIn:188 - Verifying Error Message
2018-06-28 15:06:19 INFO  SignIn:39 - Entering Valid First Name
2018-06-28 15:06:21 INFO  SignIn:53 - Entering Valid Last Name
2018-06-28 15:06:22 INFO  SignIn:67 - Selecting Department
2018-06-28 15:06:24 INFO  SignIn:82 - Entering Valid User Name
2018-06-28 15:06:25 INFO  SignIn:89 - Entering Valid Password
2018-06-28 15:06:27 INFO  SignIn:103 - Entering Valid Confirm Password
2018-06-28 15:06:28 INFO  SignIn:117 - Entering Valid Email
2018-06-28 15:06:30 INFO  SignIn:131 - Entering Valid Contact No
2018-06-28 15:06:32 INFO  SignIn:146 - Clicking on Submit Button
2018-06-28 15:06:33 INFO  SignIn:152 - Verifying Success Message
2018-06-28 15:06:43 INFO  SignIn:39 - Entering Valid First Name
2018-06-28 15:06:45 INFO  SignIn:53 - Entering Valid Last Name
2018-06-28 15:06:47 INFO  SignIn:67 - Selecting Department
2018-06-28 15:06:48 INFO  SignIn:75 - Entering Valid User Name
2018-06-28 15:06:49 INFO  SignIn:103 - Entering Valid Confirm Password
2018-06-28 15:06:51 INFO  SignIn:117 - Entering Valid Email
2018-06-28 15:06:53 INFO  SignIn:131 - Entering Valid Contact No
2018-06-28 15:06:55 INFO  SignIn:146 - Clicking on Submit Button
2018-06-28 15:06:56 INFO  SignIn:199 - Verifying Error Message
2018-06-28 15:07:07 INFO  SignIn:39 - Entering Valid First Name
2018-06-28 15:07:08 INFO  SignIn:53 - Entering Valid Last Name
2018-06-28 15:07:10 INFO  SignIn:67 - Selecting Department
2018-06-28 15:07:11 INFO  SignIn:75 - Entering Valid User Name
2018-06-28 15:07:13 INFO  SignIn:96 - Entering InValid Password
2018-06-28 15:07:14 INFO  SignIn:103 - Entering Valid Confirm Password
2018-06-28 15:07:16 INFO  SignIn:117 - Entering Valid Email
2018-06-28 15:07:18 INFO  SignIn:131 - Entering Valid Contact No
2018-06-28 15:07:19 INFO  SignIn:146 - Clicking on Submit Button
2018-06-28 15:07:21 INFO  SignIn:152 - Verifying Success Message
2018-06-28 15:07:32 INFO  SignIn:39 - Entering Valid First Name
2018-06-28 15:07:34 INFO  SignIn:53 - Entering Valid Last Name
2018-06-28 15:07:35 INFO  SignIn:67 - Selecting Department
2018-06-28 15:07:36 INFO  SignIn:75 - Entering Valid User Name
2018-06-28 15:07:38 INFO  SignIn:89 - Entering Valid Password
2018-06-28 15:07:39 INFO  SignIn:117 - Entering Valid Email
2018-06-28 15:07:42 INFO  SignIn:131 - Entering Valid Contact No
2018-06-28 15:07:43 INFO  SignIn:146 - Clicking on Submit Button
2018-06-28 15:07:44 INFO  SignIn:210 - Verifying Error Message
2018-06-28 15:07:56 INFO  SignIn:39 - Entering Valid First Name
2018-06-28 15:07:58 INFO  SignIn:53 - Entering Valid Last Name
2018-06-28 15:08:00 INFO  SignIn:67 - Selecting Department
2018-06-28 15:08:01 INFO  SignIn:75 - Entering Valid User Name
2018-06-28 15:08:02 INFO  SignIn:89 - Entering Valid Password
2018-06-28 15:08:04 INFO  SignIn:110 - Entering InValid Confirm Password
2018-06-28 15:08:05 INFO  SignIn:117 - Entering Valid Email
2018-06-28 15:08:07 INFO  SignIn:131 - Entering Valid Contact No
2018-06-28 15:08:09 INFO  SignIn:146 - Clicking on Submit Button
2018-06-28 15:08:10 INFO  SignIn:152 - Verifying Success Message
2018-06-28 15:08:20 INFO  SignIn:39 - Entering Valid First Name
2018-06-28 15:08:21 INFO  SignIn:53 - Entering Valid Last Name
2018-06-28 15:08:23 INFO  SignIn:67 - Selecting Department
2018-06-28 15:08:24 INFO  SignIn:75 - Entering Valid User Name
2018-06-28 15:08:26 INFO  SignIn:89 - Entering Valid Password
2018-06-28 15:08:27 INFO  SignIn:103 - Entering Valid Confirm Password
2018-06-28 15:08:29 INFO  SignIn:131 - Entering Valid Contact No
2018-06-28 15:08:30 INFO  SignIn:146 - Clicking on Submit Button
2018-06-28 15:08:32 INFO  SignIn:221 - Verifying Error Message
2018-06-28 15:08:43 INFO  SignIn:39 - Entering Valid First Name
2018-06-28 15:08:45 INFO  SignIn:53 - Entering Valid Last Name
2018-06-28 15:08:46 INFO  SignIn:67 - Selecting Department
2018-06-28 15:08:47 INFO  SignIn:75 - Entering Valid User Name
2018-06-28 15:08:49 INFO  SignIn:89 - Entering Valid Password
2018-06-28 15:08:50 INFO  SignIn:103 - Entering Valid Confirm Password
2018-06-28 15:08:52 INFO  SignIn:124 - Entering InValid Email
2018-06-28 15:08:53 INFO  SignIn:131 - Entering Valid Contact No
2018-06-28 15:08:55 INFO  SignIn:146 - Clicking on Submit Button
2018-06-28 15:08:56 INFO  SignIn:152 - Verifying Success Message
2018-06-28 15:09:07 INFO  SignIn:39 - Entering Valid First Name
2018-06-28 15:09:09 INFO  SignIn:53 - Entering Valid Last Name
2018-06-28 15:09:10 INFO  SignIn:75 - Entering Valid User Name
2018-06-28 15:09:12 INFO  SignIn:89 - Entering Valid Password
2018-06-28 15:09:13 INFO  SignIn:103 - Entering Valid Confirm Password
2018-06-28 15:09:15 INFO  SignIn:117 - Entering Valid Email
2018-06-28 15:09:17 INFO  SignIn:146 - Clicking on Submit Button
2018-06-28 15:09:19 INFO  SignIn:152 - Verifying Success Message
2018-06-28 15:09:35 INFO  SignIn:39 - Entering Valid First Name
2018-06-28 15:09:38 INFO  SignIn:53 - Entering Valid Last Name
2018-06-28 15:09:40 INFO  SignIn:67 - Selecting Department
2018-06-28 15:09:42 INFO  SignIn:75 - Entering Valid User Name
2018-06-28 15:09:45 INFO  SignIn:89 - Entering Valid Password
2018-06-28 15:09:47 INFO  SignIn:103 - Entering Valid Confirm Password
2018-06-28 15:09:50 INFO  SignIn:117 - Entering Valid Email
2018-06-28 15:09:53 INFO  SignIn:138 - Entering InValid Contact No
2018-06-28 15:09:56 INFO  SignIn:152 - Verifying Success Message
